<?xml version="1.0" encoding="UTF-8"?>
<!-- Generated by org.testng.reporters.JUnitXMLReporter -->
<testsuite ignored="0" hostname="DESKTOP-3DPMKN9" failures="1" tests="61" name="Surefire test" time="75.641" errors="0" timestamp="2026-03-10T15:29:32 ICT">
  <testcase classname="tests.bai21.CheckoutTest" name="@BeforeMethod setUp" time="3.627">
    <failure type="org.openqa.selenium.NoSuchElementException" message="no such element: Unable to locate element: {&amp;quot;method&amp;quot;:&amp;quot;css selector&amp;quot;,&amp;quot;selector&amp;quot;:&amp;quot;#checkout&amp;quot;}
  (Session info: chrome=145.0.7632.160)
For documentation on this error, please visit: https://www.selenium.dev/documentation/webdriver/troubleshooting/errors#nosuchelementexception
Build info: version: &amp;apos;4.41.0&amp;apos;, revision: &amp;apos;9fc754f&amp;apos;
System info: os.name: &amp;apos;Windows 11&amp;apos;, os.arch: &amp;apos;amd64&amp;apos;, os.version: &amp;apos;10.0&amp;apos;, java.version: &amp;apos;17.0.17&amp;apos;
Driver info: org.openqa.selenium.chrome.ChromeDriver
Command: [b1b26b292a7ad3c788443ae04131c4ad, findElement {using=id, value=checkout}]
Capabilities {acceptInsecureCerts: false, browserName: chrome, browserVersion: 145.0.7632.160, chrome: {chromedriverVersion: 145.0.7632.117 (de4e5d6e13b..., userDataDir: C:\Users\Admin\AppData\Loca...}, fedcm:accounts: true, goog:chromeOptions: {debuggerAddress: localhost:52204}, goog:processID: 13200, networkConnectionEnabled: false, pageLoadStrategy: normal, platformName: windows, proxy: Proxy(), se:cdp: ws://localhost:52204/devtoo..., se:cdpVersion: 145.0.7632.160, setWindowRect: true, strictFileInteractability: false, timeouts: {implicit: 0, pageLoad: 300000, script: 30000}, unhandledPromptBehavior: dismiss and notify, webauthn:extension:credBlob: true, webauthn:extension:largeBlob: true, webauthn:extension:minPinLength: true, webauthn:extension:prf: true, webauthn:virtualAuthenticators: true}
Session ID: b1b26b292a7ad3c788443ae04131c4ad">
      <![CDATA[org.openqa.selenium.NoSuchElementException: no such element: Unable to locate element: {"method":"css selector","selector":"#checkout"}
  (Session info: chrome=145.0.7632.160)
For documentation on this error, please visit: https://www.selenium.dev/documentation/webdriver/troubleshooting/errors#nosuchelementexception
Build info: version: '4.41.0', revision: '9fc754f'
System info: os.name: 'Windows 11', os.arch: 'amd64', os.version: '10.0', java.version: '17.0.17'
Driver info: org.openqa.selenium.chrome.ChromeDriver
Command: [b1b26b292a7ad3c788443ae04131c4ad, findElement {using=id, value=checkout}]
Capabilities {acceptInsecureCerts: false, browserName: chrome, browserVersion: 145.0.7632.160, chrome: {chromedriverVersion: 145.0.7632.117 (de4e5d6e13b..., userDataDir: C:\Users\Admin\AppData\Loca...}, fedcm:accounts: true, goog:chromeOptions: {debuggerAddress: localhost:52204}, goog:processID: 13200, networkConnectionEnabled: false, pageLoadStrategy: normal, platformName: windows, proxy: Proxy(), se:cdp: ws://localhost:52204/devtoo..., se:cdpVersion: 145.0.7632.160, setWindowRect: true, strictFileInteractability: false, timeouts: {implicit: 0, pageLoad: 300000, script: 30000}, unhandledPromptBehavior: dismiss and notify, webauthn:extension:credBlob: true, webauthn:extension:largeBlob: true, webauthn:extension:minPinLength: true, webauthn:extension:prf: true, webauthn:virtualAuthenticators: true}
Session ID: b1b26b292a7ad3c788443ae04131c4ad
at org.openqa.selenium.remote.ErrorCodec.decode(ErrorCodec.java:169)
at org.openqa.selenium.remote.codec.w3c.W3CHttpResponseCodec.decode(W3CHttpResponseCodec.java:142)
at org.openqa.selenium.remote.codec.w3c.W3CHttpResponseCodec.decode(W3CHttpResponseCodec.java:49)
at org.openqa.selenium.remote.HttpCommandExecutor.execute(HttpCommandExecutor.java:223)
at org.openqa.selenium.remote.service.DriverCommandExecutor.invokeExecute(DriverCommandExecutor.java:216)
at org.openqa.selenium.remote.service.DriverCommandExecutor.execute(DriverCommandExecutor.java:174)
at org.openqa.selenium.remote.RemoteWebDriver.execute(RemoteWebDriver.java:604)
at org.openqa.selenium.remote.ElementLocation$ElementFinder$2.findElement(ElementLocation.java:166)
at org.openqa.selenium.remote.ElementLocation.findElement(ElementLocation.java:60)
at org.openqa.selenium.remote.RemoteWebDriver.findElement(RemoteWebDriver.java:427)
at org.openqa.selenium.remote.RemoteWebDriver.findElement(RemoteWebDriver.java:421)
at tests.bai21.CheckoutTest.setUp(CheckoutTest.java:28)
at java.base/java.util.ArrayList.forEach(ArrayList.java:1511)
... Removed 36 stack frames]]>
    </failure>
  </testcase> <!-- @BeforeMethod setUp -->
  <testcase classname="tests.bai21.CheckoutTest" name="@AfterMethod tearDown" time="0.0">
    <skipped/>
  </testcase> <!-- @AfterMethod tearDown -->
  <testcase classname="tests.bai11.TitleTest" name="testLoginFormDisplayed" time="1.472"/>
  <testcase classname="tests.bai11.TitleTest" name="testPageSource" time="0.032"/>
  <testcase classname="tests.bai11.TitleTest" name="testTitle" time="0.021"/>
  <testcase classname="tests.bai11.TitleTest" name="testURL" time="0.025"/>
  <testcase classname="tests.bai12.LoginTest" name="testLoginEmptyPassword" time="1.246"/>
  <testcase classname="tests.bai12.LoginTest" name="testLoginEmptyUsername" time="0.608"/>
  <testcase classname="tests.bai12.LoginTest" name="testLoginLockedUser" time="1.429"/>
  <testcase classname="tests.bai12.LoginTest" name="testLoginSuccess" time="0.747"/>
  <testcase classname="tests.bai12.LoginTest" name="testLoginWrongPassword" time="1.57"/>
  <testcase classname="tests.bai21.CartTest" name="testAddToCart" time="0.257"/>
  <testcase classname="tests.bai21.CartTest" name="testOpenCartPage" time="0.2"/>
  <testcase classname="tests.bai21.CheckoutTest" name="testCheckoutInfoPageDisplayed" time="0.025"/>
  <testcase classname="tests.bai21.CheckoutTest" name="testCheckoutWithoutInfo" time="0.0">
    <skipped/>
  </testcase> <!-- testCheckoutWithoutInfo -->
  <testcase classname="tests.bai21.LoginTest" name="testLoginEmptyPassword" time="0.671"/>
  <testcase classname="tests.bai21.LoginTest" name="testLoginSuccess" time="1.443"/>
  <testcase classname="tests.bai22.CartTest" name="testAddToCartParallel" time="1.266">
    <failure type="org.openqa.selenium.NoSuchElementException" message="no such element: Unable to locate element: {&amp;quot;method&amp;quot;:&amp;quot;css selector&amp;quot;,&amp;quot;selector&amp;quot;:&amp;quot;.shopping_cart_badge&amp;quot;}
  (Session info: chrome=145.0.7632.160)
For documentation on this error, please visit: https://www.selenium.dev/documentation/webdriver/troubleshooting/errors#nosuchelementexception
Build info: version: &amp;apos;4.41.0&amp;apos;, revision: &amp;apos;9fc754f&amp;apos;
System info: os.name: &amp;apos;Windows 11&amp;apos;, os.arch: &amp;apos;amd64&amp;apos;, os.version: &amp;apos;10.0&amp;apos;, java.version: &amp;apos;17.0.17&amp;apos;
Driver info: org.openqa.selenium.chrome.ChromeDriver
Command: [3879dced04a4674764facd44435f745d, findElement {using=class name, value=shopping_cart_badge}]
Capabilities {acceptInsecureCerts: false, browserName: chrome, browserVersion: 145.0.7632.160, chrome: {chromedriverVersion: 145.0.7632.117 (de4e5d6e13b..., userDataDir: C:\Users\Admin\AppData\Loca...}, fedcm:accounts: true, goog:chromeOptions: {debuggerAddress: localhost:51446}, goog:processID: 16932, networkConnectionEnabled: false, pageLoadStrategy: normal, platformName: windows, proxy: Proxy(), se:cdp: ws://localhost:51446/devtoo..., se:cdpVersion: 145.0.7632.160, setWindowRect: true, strictFileInteractability: false, timeouts: {implicit: 0, pageLoad: 300000, script: 30000}, unhandledPromptBehavior: dismiss and notify, webauthn:extension:credBlob: true, webauthn:extension:largeBlob: true, webauthn:extension:minPinLength: true, webauthn:extension:prf: true, webauthn:virtualAuthenticators: true}
Session ID: 3879dced04a4674764facd44435f745d">
      <![CDATA[org.openqa.selenium.NoSuchElementException: no such element: Unable to locate element: {"method":"css selector","selector":".shopping_cart_badge"}
  (Session info: chrome=145.0.7632.160)
For documentation on this error, please visit: https://www.selenium.dev/documentation/webdriver/troubleshooting/errors#nosuchelementexception
Build info: version: '4.41.0', revision: '9fc754f'
System info: os.name: 'Windows 11', os.arch: 'amd64', os.version: '10.0', java.version: '17.0.17'
Driver info: org.openqa.selenium.chrome.ChromeDriver
Command: [3879dced04a4674764facd44435f745d, findElement {using=class name, value=shopping_cart_badge}]
Capabilities {acceptInsecureCerts: false, browserName: chrome, browserVersion: 145.0.7632.160, chrome: {chromedriverVersion: 145.0.7632.117 (de4e5d6e13b..., userDataDir: C:\Users\Admin\AppData\Loca...}, fedcm:accounts: true, goog:chromeOptions: {debuggerAddress: localhost:51446}, goog:processID: 16932, networkConnectionEnabled: false, pageLoadStrategy: normal, platformName: windows, proxy: Proxy(), se:cdp: ws://localhost:51446/devtoo..., se:cdpVersion: 145.0.7632.160, setWindowRect: true, strictFileInteractability: false, timeouts: {implicit: 0, pageLoad: 300000, script: 30000}, unhandledPromptBehavior: dismiss and notify, webauthn:extension:credBlob: true, webauthn:extension:largeBlob: true, webauthn:extension:minPinLength: true, webauthn:extension:prf: true, webauthn:virtualAuthenticators: true}
Session ID: 3879dced04a4674764facd44435f745d
at org.openqa.selenium.remote.ErrorCodec.decode(ErrorCodec.java:169)
at org.openqa.selenium.remote.codec.w3c.W3CHttpResponseCodec.decode(W3CHttpResponseCodec.java:142)
at org.openqa.selenium.remote.codec.w3c.W3CHttpResponseCodec.decode(W3CHttpResponseCodec.java:49)
at org.openqa.selenium.remote.HttpCommandExecutor.execute(HttpCommandExecutor.java:223)
at org.openqa.selenium.remote.service.DriverCommandExecutor.invokeExecute(DriverCommandExecutor.java:216)
at org.openqa.selenium.remote.service.DriverCommandExecutor.execute(DriverCommandExecutor.java:174)
at org.openqa.selenium.remote.RemoteWebDriver.execute(RemoteWebDriver.java:604)
at org.openqa.selenium.remote.ElementLocation$ElementFinder$2.findElement(ElementLocation.java:166)
at org.openqa.selenium.remote.ElementLocation.findElement(ElementLocation.java:67)
at org.openqa.selenium.remote.RemoteWebDriver.findElement(RemoteWebDriver.java:427)
at org.openqa.selenium.remote.RemoteWebDriver.findElement(RemoteWebDriver.java:421)
at tests.bai22.CartTest.testAddToCartParallel(CartTest.java:18)
at java.base/java.util.ArrayList.forEach(ArrayList.java:1511)
... Removed 32 stack frames]]>
    </failure>
  </testcase> <!-- testAddToCartParallel -->
  <testcase classname="tests.bai22.CartTest" name="testOpenCartParallel" time="1.209"/>
  <testcase classname="tests.bai22.LoginTest" name="testLoginSuccessParallel" time="1.598"/>
  <testcase classname="tests.bai22.LoginTest" name="testLoginWrongPasswordParallel" time="1.357"/>
  <testcase classname="tests.bai31.XepLoaiTest" name="testGioi" time="0.001"/>
  <testcase classname="tests.bai31.XepLoaiTest" name="testInvalidScore" time="0.002"/>
  <testcase classname="tests.bai31.XepLoaiTest" name="testKha" time="0.0"/>
  <testcase classname="tests.bai31.XepLoaiTest" name="testThiLai" time="0.001"/>
  <testcase classname="tests.bai31.XepLoaiTest" name="testTrungBinh" time="0.0"/>
  <testcase classname="tests.bai31.XepLoaiTest" name="testYeuHocLai" time="0.0"/>
  <testcase classname="tests.bai32.TinhTienNuocTest" name="testDanCuBac1" time="0.002"/>
  <testcase classname="tests.bai32.TinhTienNuocTest" name="testDanCuBac2" time="0.001"/>
  <testcase classname="tests.bai32.TinhTienNuocTest" name="testDanCuBac3" time="0.001"/>
  <testcase classname="tests.bai32.TinhTienNuocTest" name="testHoNgheo" time="0.001"/>
  <testcase classname="tests.bai32.TinhTienNuocTest" name="testKinhDoanh" time="0.0"/>
  <testcase classname="tests.bai32.TinhTienNuocTest" name="testSoM3KhongHopLe" time="0.0"/>
  <testcase classname="tests.bai42.PhiShipBasisPathTest" name="testPath1_InvalidWeight" time="0.004"/>
  <testcase classname="tests.bai42.PhiShipBasisPathTest" name="testPath2_NoiThanhNheKhongMember" time="0.0"/>
  <testcase classname="tests.bai42.PhiShipBasisPathTest" name="testPath3_NoiThanhNangKhongMember" time="0.0"/>
  <testcase classname="tests.bai42.PhiShipBasisPathTest" name="testPath4_NgoaiThanhNheKhongMember" time="0.0"/>
  <testcase classname="tests.bai42.PhiShipBasisPathTest" name="testPath5_NgoaiThanhNangKhongMember" time="0.001"/>
  <testcase classname="tests.bai42.PhiShipBasisPathTest" name="testPath6_TinhKhacNheKhongMember" time="0.0"/>
  <testcase classname="tests.bai42.PhiShipBasisPathTest" name="testPath7_TinhKhacNangKhongMember" time="0.0"/>
  <testcase classname="tests.bai42.PhiShipBasisPathTest" name="testPath8_NoiThanhMember" time="0.0"/>
  <testcase classname="tests.bai52.VayVonMCDCTest" name="testMCDC_DiemTinDungDocLap_Tu700TroLen" time="0.001"/>
  <testcase classname="tests.bai52.VayVonMCDCTest" name="testMCDC_TaiSanDocLap_KhongCoTaiSan" time="0.0"/>
  <testcase classname="tests.bai52.VayVonMCDCTest" name="testMCDC_ThuNhapDocLap_ThapHon10Trieu" time="0.0"/>
  <testcase classname="tests.bai52.VayVonMCDCTest" name="testMCDC_TuoiDocLap_Du22TroLen" time="0.0"/>
  <testcase classname="tests.bai52.VayVonMCDCTest" name="testMCDC_TuoiDocLap_ThapHon22" time="0.002"/>
  <testcase classname="tests.bai61.PhoneValidatorTest" name="testBoundary_03Prefix" time="0.001"/>
  <testcase classname="tests.bai61.PhoneValidatorTest" name="testBoundary_05Prefix" time="0.0"/>
  <testcase classname="tests.bai61.PhoneValidatorTest" name="testBoundary_07Prefix" time="0.0"/>
  <testcase classname="tests.bai61.PhoneValidatorTest" name="testBoundary_08Prefix" time="0.0"/>
  <testcase classname="tests.bai61.PhoneValidatorTest" name="testBoundary_Empty" time="0.0"/>
  <testcase classname="tests.bai61.PhoneValidatorTest" name="testBoundary_OnlySpaces" time="0.0"/>
  <testcase classname="tests.bai61.PhoneValidatorTest" name="testBoundary_Plus84TooShort" time="0.0"/>
  <testcase classname="tests.bai61.PhoneValidatorTest" name="testBoundary_Plus84WithSpaces" time="0.0"/>
  <testcase classname="tests.bai61.PhoneValidatorTest" name="testBoundary_TooLong" time="0.002"/>
  <testcase classname="tests.bai61.PhoneValidatorTest" name="testPath1_NullPhone" time="0.0"/>
  <testcase classname="tests.bai61.PhoneValidatorTest" name="testPath2_InvalidCharacter" time="0.0"/>
  <testcase classname="tests.bai61.PhoneValidatorTest" name="testPath3_InvalidPrefix" time="0.0"/>
  <testcase classname="tests.bai61.PhoneValidatorTest" name="testPath4_ValidPlus84" time="0.0"/>
  <testcase classname="tests.bai61.PhoneValidatorTest" name="testPath5_InvalidLength" time="0.0"/>
  <testcase classname="tests.bai61.PhoneValidatorTest" name="testPath6_ValidWithSpaces" time="0.0"/>
  <testcase classname="tests.bai61.PhoneValidatorTest" name="testPath7_InvalidNetworkPrefix" time="0.002"/>
  <testcase classname="tests.bai61.PhoneValidatorTest" name="testPath8_ValidLocalPhone" time="0.0"/>
</testsuite> <!-- Surefire test -->
