<?xml version="1.0" encoding="UTF-8"?>
<!-- Generated by org.testng.reporters.JUnitXMLReporter -->
<testsuite ignored="0" hostname="DESKTOP-3DPMKN9" failures="0" tests="13" name="Bai7 Tests" time="1.031" errors="0" timestamp="2026-03-10T15:52:06 ICT">
  <testcase classname="tests.bai71.OrderProcessorTest" name="testMcdc_D2_EmptyCoupon" time="0.287"/>
  <testcase classname="tests.bai71.OrderProcessorTest" name="testMcdc_D2_NullCoupon" time="0.007"/>
  <testcase classname="tests.bai71.OrderProcessorTest" name="testMcdc_D3_Sale10" time="0.007"/>
  <testcase classname="tests.bai71.OrderProcessorTest" name="testMcdc_D3_Sale20" time="0.006"/>
  <testcase classname="tests.bai71.OrderProcessorTest" name="testPath1_EmptyCart_Null" time="0.005"/>
  <testcase classname="tests.bai71.OrderProcessorTest" name="testPath2_NoCouponNoMember_COD" time="0.004"/>
  <testcase classname="tests.bai71.OrderProcessorTest" name="testPath3_NoCouponNoMember_Online" time="0.006"/>
  <testcase classname="tests.bai71.OrderProcessorTest" name="testPath4_Sale10_NoMember_COD" time="0.003"/>
  <testcase classname="tests.bai71.OrderProcessorTest" name="testPath5_Sale20_Gold_Online" time="0.007"/>
  <testcase classname="tests.bai71.OrderProcessorTest" name="testPath6_Sale20_Platinum_NoShip" time="0.005"/>
  <testcase classname="tests.bai71.OrderProcessorTest" name="testPath7_InvalidCoupon" time="0.004"/>
  <testcase classname="tests.bai71.OrderProcessorTest" name="testPath8_NoCoupon_Gold_COD" time="0.005"/>
  <testcase classname="tests.bai71.OrderProcessorTest" name="testPath9_NoCoupon_Platinum_Online" time="0.003"/>
</testsuite> <!-- Bai7 Tests -->
