<?xml version="1.0" encoding="UTF-8"?>
<testsuite xmlns:xsi="http://www.w3.org/2001/XMLSchema-instance" xsi:noNamespaceSchemaLocation="https://maven.apache.org/surefire/maven-surefire-plugin/xsd/surefire-test-report.xsd" version="3.0.2" name="TestSuite" time="5.215" tests="13" errors="0" skipped="0" failures="0">
  <properties>
[...]
</properties>
  <testcase name="testMcdc_D2_EmptyCoupon" classname="tests.bai71.OrderProcessorTest" time="0.541">
    <system-err><![CDATA[SLF4J(W): No SLF4J providers were found.
SLF4J(W): Defaulting to no-operation (NOP) logger implementation
SLF4J(W): See https://www.slf4j.org/codes.html#noProviders for further details.
]]></system-err>
  </testcase>
  <testcase name="testMcdc_D2_NullCoupon" classname="tests.bai71.OrderProcessorTest" time="0.018"/>
  <testcase name="testMcdc_D3_Sale10" classname="tests.bai71.OrderProcessorTest" time="0.01"/>
  <testcase name="testMcdc_D3_Sale20" classname="tests.bai71.OrderProcessorTest" time="0.012"/>
  <testcase name="testPath1_EmptyCart_Null" classname="tests.bai71.OrderProcessorTest" time="0.012"/>
  <testcase name="testPath2_NoCouponNoMember_COD" classname="tests.bai71.OrderProcessorTest" time="0.006"/>
  <testcase name="testPath3_NoCouponNoMember_Online" classname="tests.bai71.OrderProcessorTest" time="0.01"/>
  <testcase name="testPath4_Sale10_NoMember_COD" classname="tests.bai71.OrderProcessorTest" time="0.007"/>
  <testcase name="testPath5_Sale20_Gold_Online" classname="tests.bai71.OrderProcessorTest" time="0.008"/>
  <testcase name="testPath6_Sale20_Platinum_NoShip" classname="tests.bai71.OrderProcessorTest" time="0.006"/>
  <testcase name="testPath7_InvalidCoupon" classname="tests.bai71.OrderProcessorTest" time="0.008"/>
  <testcase name="testPath8_NoCoupon_Gold_COD" classname="tests.bai71.OrderProcessorTest" time="0.008"/>
  <testcase name="testPath9_NoCoupon_Platinum_Online" classname="tests.bai71.OrderProcessorTest" time="0.007"/>
</testsuite>