<?xml version="1.0" encoding="UTF-8"?>
<testng-results ignored="0" total="13" passed="13" failed="0" skipped="0">
  <reporter-output>
  </reporter-output>
  <suite started-at="2026-03-10T15:52:05 ICT" name="Bai7 Suite" finished-at="2026-03-10T15:52:06 ICT" duration-ms="1031">
    <groups>
    </groups>
    <test started-at="2026-03-10T15:52:05 ICT" name="Bai7 Tests" finished-at="2026-03-10T15:52:06 ICT" duration-ms="1031">
      <class name="tests.bai71.OrderProcessorTest">
        <test-method signature="testMcdc_D2_EmptyCoupon()[pri:0, instance:tests.bai71.OrderProcessorTest@5e8cda75]" started-at="2026-03-10T15:52:06 ICT" name="testMcdc_D2_EmptyCoupon" description="MC/DC cho D2: couponCode rong" finished-at="2026-03-10T15:52:06 ICT" duration-ms="287" status="PASS">
          <reporter-output>
          </reporter-output>
        </test-method> <!-- testMcdc_D2_EmptyCoupon -->
        <test-method signature="testMcdc_D2_NullCoupon()[pri:0, instance:tests.bai71.OrderProcessorTest@5e8cda75]" started-at="2026-03-10T15:52:06 ICT" name="testMcdc_D2_NullCoupon" description="MC/DC cho D2: couponCode = null" finished-at="2026-03-10T15:52:06 ICT" duration-ms="7" status="PASS">
          <reporter-output>
          </reporter-output>
        </test-method> <!-- testMcdc_D2_NullCoupon -->
        <test-method signature="testMcdc_D3_Sale10()[pri:0, instance:tests.bai71.OrderProcessorTest@5e8cda75]" started-at="2026-03-10T15:52:06 ICT" name="testMcdc_D3_Sale10" description="MC/DC cho D3: coupon SALE10" finished-at="2026-03-10T15:52:06 ICT" duration-ms="7" status="PASS">
          <reporter-output>
          </reporter-output>
        </test-method> <!-- testMcdc_D3_Sale10 -->
        <test-method signature="testMcdc_D3_Sale20()[pri:0, instance:tests.bai71.OrderProcessorTest@5e8cda75]" started-at="2026-03-10T15:52:06 ICT" name="testMcdc_D3_Sale20" description="MC/DC cho D3: coupon SALE20" finished-at="2026-03-10T15:52:06 ICT" duration-ms="6" status="PASS">
          <reporter-output>
          </reporter-output>
        </test-method> <!-- testMcdc_D3_Sale20 -->
        <test-method signature="testPath1_EmptyCart_Null()[pri:0, instance:tests.bai71.OrderProcessorTest@5e8cda75]" started-at="2026-03-10T15:52:06 ICT" name="testPath1_EmptyCart_Null" description="Basis Path 1: Gio hang null" finished-at="2026-03-10T15:52:06 ICT" duration-ms="5" status="PASS">
          <reporter-output>
          </reporter-output>
        </test-method> <!-- testPath1_EmptyCart_Null -->
        <test-method signature="testPath2_NoCouponNoMember_COD()[pri:0, instance:tests.bai71.OrderProcessorTest@5e8cda75]" started-at="2026-03-10T15:52:06 ICT" name="testPath2_NoCouponNoMember_COD" description="Basis Path 2: Khong coupon, khong member, COD, total &lt; 500k" finished-at="2026-03-10T15:52:06 ICT" duration-ms="4" status="PASS">
          <reporter-output>
          </reporter-output>
        </test-method> <!-- testPath2_NoCouponNoMember_COD -->
        <test-method signature="testPath3_NoCouponNoMember_Online()[pri:0, instance:tests.bai71.OrderProcessorTest@5e8cda75]" started-at="2026-03-10T15:52:06 ICT" name="testPath3_NoCouponNoMember_Online" description="Basis Path 3: Khong coupon, khong member, online, total &lt; 500k" finished-at="2026-03-10T15:52:06 ICT" duration-ms="6" status="PASS">
          <reporter-output>
          </reporter-output>
        </test-method> <!-- testPath3_NoCouponNoMember_Online -->
        <test-method signature="testPath4_Sale10_NoMember_COD()[pri:0, instance:tests.bai71.OrderProcessorTest@5e8cda75]" started-at="2026-03-10T15:52:06 ICT" name="testPath4_Sale10_NoMember_COD" description="Basis Path 4: Coupon SALE10, khong member, COD" finished-at="2026-03-10T15:52:06 ICT" duration-ms="3" status="PASS">
          <reporter-output>
          </reporter-output>
        </test-method> <!-- testPath4_Sale10_NoMember_COD -->
        <test-method signature="testPath5_Sale20_Gold_Online()[pri:0, instance:tests.bai71.OrderProcessorTest@5e8cda75]" started-at="2026-03-10T15:52:06 ICT" name="testPath5_Sale20_Gold_Online" description="Basis Path 5: Coupon SALE20, GOLD, online" finished-at="2026-03-10T15:52:06 ICT" duration-ms="7" status="PASS">
          <reporter-output>
          </reporter-output>
        </test-method> <!-- testPath5_Sale20_Gold_Online -->
        <test-method signature="testPath6_Sale20_Platinum_NoShip()[pri:0, instance:tests.bai71.OrderProcessorTest@5e8cda75]" started-at="2026-03-10T15:52:06 ICT" name="testPath6_Sale20_Platinum_NoShip" description="Basis Path 6: Coupon SALE20, PLATINUM, total &gt;= 500k" finished-at="2026-03-10T15:52:06 ICT" duration-ms="5" status="PASS">
          <reporter-output>
          </reporter-output>
        </test-method> <!-- testPath6_Sale20_Platinum_NoShip -->
        <test-method signature="testPath7_InvalidCoupon()[pri:0, instance:tests.bai71.OrderProcessorTest@5e8cda75]" started-at="2026-03-10T15:52:06 ICT" name="testPath7_InvalidCoupon" description="Basis Path 7: Coupon khong hop le" finished-at="2026-03-10T15:52:06 ICT" duration-ms="4" status="PASS">
          <reporter-output>
          </reporter-output>
        </test-method> <!-- testPath7_InvalidCoupon -->
        <test-method signature="testPath8_NoCoupon_Gold_COD()[pri:0, instance:tests.bai71.OrderProcessorTest@5e8cda75]" started-at="2026-03-10T15:52:06 ICT" name="testPath8_NoCoupon_Gold_COD" description="Basis Path 8: Khong coupon, GOLD, COD" finished-at="2026-03-10T15:52:06 ICT" duration-ms="5" status="PASS">
          <reporter-output>
          </reporter-output>
        </test-method> <!-- testPath8_NoCoupon_Gold_COD -->
        <test-method signature="testPath9_NoCoupon_Platinum_Online()[pri:0, instance:tests.bai71.OrderProcessorTest@5e8cda75]" started-at="2026-03-10T15:52:06 ICT" name="testPath9_NoCoupon_Platinum_Online" description="Basis Path 9: Khong coupon, PLATINUM, online" finished-at="2026-03-10T15:52:06 ICT" duration-ms="3" status="PASS">
          <reporter-output>
          </reporter-output>
        </test-method> <!-- testPath9_NoCoupon_Platinum_Online -->
      </class> <!-- tests.bai71.OrderProcessorTest -->
    </test> <!-- Bai7 Tests -->
  </suite> <!-- Bai7 Suite -->
</testng-results>
