<?xml version="1.0" encoding="UTF-8"?>
<!-- Generated by org.testng.reporters.JUnitReportReporter -->
<testsuite hostname="DESKTOP-3DPMKN9" failures="0" tests="5" name="tests.bai12.LoginTest" time="15.758" errors="0" timestamp="2026-03-10T15:29:32 ICT" skipped="0">
  <testcase classname="tests.bai12.LoginTest" name="testLoginWrongPassword" time="3.311"/>
  <testcase classname="tests.bai12.LoginTest" name="testLoginEmptyUsername" time="3.042"/>
  <testcase classname="tests.bai12.LoginTest" name="testLoginSuccess" time="2.530"/>
  <testcase classname="tests.bai12.LoginTest" name="testLoginEmptyPassword" time="3.770"/>
  <testcase classname="tests.bai12.LoginTest" name="testLoginLockedUser" time="3.105"/>
</testsuite> <!-- tests.bai12.LoginTest -->
