<?xml version="1.0" encoding="UTF-8"?>
<!-- Generated by org.testng.reporters.JUnitReportReporter -->
<testsuite hostname="DESKTOP-3DPMKN9" failures="0" tests="5" name="tests.bai52.VayVonMCDCTest" time="0.003" errors="0" timestamp="2026-03-10T15:29:32 ICT" skipped="0">
  <testcase classname="tests.bai52.VayVonMCDCTest" name="testMCDC_DiemTinDungDocLap_Tu700TroLen" time="0.001"/>
  <testcase classname="tests.bai52.VayVonMCDCTest" name="testMCDC_ThuNhapDocLap_ThapHon10Trieu" time="0.000"/>
  <testcase classname="tests.bai52.VayVonMCDCTest" name="testMCDC_TuoiDocLap_Du22TroLen" time="0.000"/>
  <testcase classname="tests.bai52.VayVonMCDCTest" name="testMCDC_TuoiDocLap_ThapHon22" time="0.002"/>
  <testcase classname="tests.bai52.VayVonMCDCTest" name="testMCDC_TaiSanDocLap_KhongCoTaiSan" time="0.000"/>
</testsuite> <!-- tests.bai52.VayVonMCDCTest -->
