<?xml version="1.0" encoding="UTF-8"?>
<!-- Generated by org.testng.reporters.JUnitReportReporter -->
<testsuite hostname="DESKTOP-3DPMKN9" failures="0" tests="2" name="tests.bai22.LoginTest" time="6.703" errors="0" timestamp="2026-03-10T15:29:32 ICT" skipped="0">
  <testcase classname="tests.bai22.LoginTest" name="testLoginWrongPasswordParallel" time="3.183"/>
  <testcase classname="tests.bai22.LoginTest" name="testLoginSuccessParallel" time="3.520"/>
</testsuite> <!-- tests.bai22.LoginTest -->
