<?xml version="1.0" encoding="UTF-8"?>
<!-- Generated by org.testng.reporters.JUnitReportReporter -->
<testsuite hostname="DESKTOP-3DPMKN9" failures="0" tests="4" name="tests.bai11.TitleTest" time="24.220" errors="0" timestamp="2026-03-10T15:29:32 ICT" skipped="0">
  <testcase classname="tests.bai11.TitleTest" name="testPageSource" time="13.853"/>
  <testcase classname="tests.bai11.TitleTest" name="testURL" time="3.249"/>
  <testcase classname="tests.bai11.TitleTest" name="testTitle" time="2.823"/>
  <testcase classname="tests.bai11.TitleTest" name="testLoginFormDisplayed" time="4.295"/>
</testsuite> <!-- tests.bai11.TitleTest -->
