<?xml version="1.0" encoding="UTF-8"?>
<!-- Generated by org.testng.reporters.JUnitReportReporter -->
<testsuite hostname="DESKTOP-3DPMKN9" failures="0" tests="17" name="tests.bai61.PhoneValidatorTest" time="0.005" errors="0" timestamp="2026-03-10T15:29:32 ICT" skipped="0">
  <testcase classname="tests.bai61.PhoneValidatorTest" name="testPath1_NullPhone" time="0.000"/>
  <testcase classname="tests.bai61.PhoneValidatorTest" name="testBoundary_03Prefix" time="0.001"/>
  <testcase classname="tests.bai61.PhoneValidatorTest" name="testBoundary_Plus84WithSpaces" time="0.000"/>
  <testcase classname="tests.bai61.PhoneValidatorTest" name="testPath3_InvalidPrefix" time="0.000"/>
  <testcase classname="tests.bai61.PhoneValidatorTest" name="testPath4_ValidPlus84" time="0.000"/>
  <testcase classname="tests.bai61.PhoneValidatorTest" name="testPath2_InvalidCharacter" time="0.000"/>
  <testcase classname="tests.bai61.PhoneValidatorTest" name="testBoundary_TooLong" time="0.002"/>
  <testcase classname="tests.bai61.PhoneValidatorTest" name="testPath8_ValidLocalPhone" time="0.000"/>
  <testcase classname="tests.bai61.PhoneValidatorTest" name="testBoundary_Empty" time="0.000"/>
  <testcase classname="tests.bai61.PhoneValidatorTest" name="testPath6_ValidWithSpaces" time="0.000"/>
  <testcase classname="tests.bai61.PhoneValidatorTest" name="testBoundary_07Prefix" time="0.000"/>
  <testcase classname="tests.bai61.PhoneValidatorTest" name="testPath5_InvalidLength" time="0.000"/>
  <testcase classname="tests.bai61.PhoneValidatorTest" name="testBoundary_08Prefix" time="0.000"/>
  <testcase classname="tests.bai61.PhoneValidatorTest" name="testBoundary_OnlySpaces" time="0.000"/>
  <testcase classname="tests.bai61.PhoneValidatorTest" name="testBoundary_Plus84TooShort" time="0.000"/>
  <testcase classname="tests.bai61.PhoneValidatorTest" name="testBoundary_05Prefix" time="0.000"/>
  <testcase classname="tests.bai61.PhoneValidatorTest" name="testPath7_InvalidNetworkPrefix" time="0.002"/>
</testsuite> <!-- tests.bai61.PhoneValidatorTest -->
