<?xml version="1.0" encoding="UTF-8"?>
<!-- Generated by org.testng.reporters.JUnitReportReporter -->
<testsuite hostname="DESKTOP-3DPMKN9" failures="0" tests="6" name="tests.bai31.XepLoaiTest" time="0.004" errors="0" timestamp="2026-03-10T15:29:32 ICT" skipped="0">
  <testcase classname="tests.bai31.XepLoaiTest" name="testThiLai" time="0.001"/>
  <testcase classname="tests.bai31.XepLoaiTest" name="testGioi" time="0.001"/>
  <testcase classname="tests.bai31.XepLoaiTest" name="testYeuHocLai" time="0.000"/>
  <testcase classname="tests.bai31.XepLoaiTest" name="testInvalidScore" time="0.002"/>
  <testcase classname="tests.bai31.XepLoaiTest" name="testTrungBinh" time="0.000"/>
  <testcase classname="tests.bai31.XepLoaiTest" name="testKha" time="0.000"/>
</testsuite> <!-- tests.bai31.XepLoaiTest -->
