<?xml version="1.0" encoding="UTF-8"?>
<!-- Generated by org.testng.reporters.JUnitReportReporter -->
<testsuite hostname="DESKTOP-3DPMKN9" failures="0" tests="8" name="tests.bai42.PhiShipBasisPathTest" time="0.005" errors="0" timestamp="2026-03-10T15:29:32 ICT" skipped="0">
  <testcase classname="tests.bai42.PhiShipBasisPathTest" name="testPath2_NoiThanhNheKhongMember" time="0.000"/>
  <testcase classname="tests.bai42.PhiShipBasisPathTest" name="testPath4_NgoaiThanhNheKhongMember" time="0.000"/>
  <testcase classname="tests.bai42.PhiShipBasisPathTest" name="testPath1_InvalidWeight" time="0.004"/>
  <testcase classname="tests.bai42.PhiShipBasisPathTest" name="testPath5_NgoaiThanhNangKhongMember" time="0.001"/>
  <testcase classname="tests.bai42.PhiShipBasisPathTest" name="testPath7_TinhKhacNangKhongMember" time="0.000"/>
  <testcase classname="tests.bai42.PhiShipBasisPathTest" name="testPath3_NoiThanhNangKhongMember" time="0.000"/>
  <testcase classname="tests.bai42.PhiShipBasisPathTest" name="testPath8_NoiThanhMember" time="0.000"/>
  <testcase classname="tests.bai42.PhiShipBasisPathTest" name="testPath6_TinhKhacNheKhongMember" time="0.000"/>
</testsuite> <!-- tests.bai42.PhiShipBasisPathTest -->
