<?xml version="1.0" encoding="UTF-8"?>
<!-- Generated by org.testng.reporters.JUnitReportReporter -->
<testsuite hostname="DESKTOP-3DPMKN9" failures="0" tests="6" name="tests.bai32.TinhTienNuocTest" time="0.005" errors="0" timestamp="2026-03-10T15:29:32 ICT" skipped="0">
  <testcase classname="tests.bai32.TinhTienNuocTest" name="testDanCuBac1" time="0.002"/>
  <testcase classname="tests.bai32.TinhTienNuocTest" name="testDanCuBac2" time="0.001"/>
  <testcase classname="tests.bai32.TinhTienNuocTest" name="testHoNgheo" time="0.001"/>
  <testcase classname="tests.bai32.TinhTienNuocTest" name="testSoM3KhongHopLe" time="0.000"/>
  <testcase classname="tests.bai32.TinhTienNuocTest" name="testKinhDoanh" time="0.000"/>
  <testcase classname="tests.bai32.TinhTienNuocTest" name="testDanCuBac3" time="0.001"/>
</testsuite> <!-- tests.bai32.TinhTienNuocTest -->
